<?xml version="1.0" encoding="UTF-8"?>
<testng-results ignored="0" total="2" passed="2" failed="0" skipped="0">
  <reporter-output>
  </reporter-output>
  <suite started-at="2021-04-26T06:03:19Z" name="Suite" finished-at="2021-04-26T06:03:26Z" duration-ms="6643">
    <groups>
    </groups>
    <test started-at="2021-04-26T06:03:19Z" name="Test" finished-at="2021-04-26T06:03:26Z" duration-ms="6643">
      <class name="com.palindrome.testcases.TestPalindromeApp">
        <test-method is-config="true" signature="setUpSuite()[pri:0, instance:com.palindrome.testcases.TestPalindromeApp@2034b64c]" started-at="2021-04-26T06:03:19Z" name="setUpSuite" finished-at="2021-04-26T06:03:19Z" duration-ms="456" status="PASS">
          <reporter-output>
          </reporter-output>
        </test-method> <!-- setUpSuite -->
        <test-method is-config="true" signature="setUp()[pri:0, instance:com.palindrome.testcases.TestPalindromeApp@2034b64c]" started-at="2021-04-26T06:03:19Z" name="setUp" finished-at="2021-04-26T06:03:24Z" duration-ms="5126" status="PASS">
          <reporter-output>
          </reporter-output>
        </test-method> <!-- setUp -->
        <test-method signature="testAnagram()[pri:0, instance:com.palindrome.testcases.TestPalindromeApp@2034b64c]" started-at="2021-04-26T06:03:24Z" name="testAnagram" finished-at="2021-04-26T06:03:24Z" duration-ms="159" status="PASS">
          <reporter-output>
          </reporter-output>
        </test-method> <!-- testAnagram -->
        <test-method signature="testPalindrome()[pri:0, instance:com.palindrome.testcases.TestPalindromeApp@2034b64c]" started-at="2021-04-26T06:03:24Z" name="testPalindrome" finished-at="2021-04-26T06:03:24Z" duration-ms="124" status="PASS">
          <reporter-output>
          </reporter-output>
        </test-method> <!-- testPalindrome -->
        <test-method is-config="true" signature="tearDown()[pri:0, instance:com.palindrome.testcases.TestPalindromeApp@2034b64c]" started-at="2021-04-26T06:03:24Z" name="tearDown" finished-at="2021-04-26T06:03:26Z" duration-ms="1217" status="PASS">
          <reporter-output>
          </reporter-output>
        </test-method> <!-- tearDown -->
      </class> <!-- com.palindrome.testcases.TestPalindromeApp -->
    </test> <!-- Test -->
  </suite> <!-- Suite -->
</testng-results>
