<?xml version="1.0" encoding="UTF-8"?>
<testng-results ignored="0" total="1" passed="1" failed="0" skipped="0">
  <reporter-output>
  </reporter-output>
  <suite started-at="2021-04-28T13:30:39 IST" name="Default suite" finished-at="2021-04-28T13:30:43 IST" duration-ms="4245">
    <groups>
    </groups>
    <test started-at="2021-04-28T13:30:39 IST" name="Default test" finished-at="2021-04-28T13:30:43 IST" duration-ms="4245">
      <class name="com.palindrome.testcases.ActivitiesAPITesting">
        <test-method is-config="true" signature="generateToken()[pri:0, instance:com.palindrome.testcases.ActivitiesAPITesting@4313f5bc]" started-at="2021-04-28T13:30:39 IST" name="generateToken" finished-at="2021-04-28T13:30:43 IST" duration-ms="4206" status="PASS">
          <reporter-output>
          </reporter-output>
        </test-method> <!-- generateToken -->
        <test-method signature="methd1()[pri:0, instance:com.palindrome.testcases.ActivitiesAPITesting@4313f5bc]" started-at="2021-04-28T13:30:43 IST" name="methd1" finished-at="2021-04-28T13:30:43 IST" duration-ms="4" status="PASS">
          <reporter-output>
          </reporter-output>
        </test-method> <!-- methd1 -->
      </class> <!-- com.palindrome.testcases.ActivitiesAPITesting -->
    </test> <!-- Default test -->
  </suite> <!-- Default suite -->
</testng-results>
