<?xml version="1.0" encoding="UTF-8"?>
<!-- Generated by org.testng.reporters.JUnitXMLReporter -->
<testsuite ignored="1" hostname="LMMISHRA-7410" failures="0" tests="1" name="Default test" time="9.808" errors="0" timestamp="26 Apr 2021 05:13:58 GMT">
  <testcase classname="com.palindrome.testcases.TestPalindromeApp" name="testPalindrome" time="0.17"/>
  <testcase classname="com.palindrome.testcases.TestPalindromeApp" name="testAnagram" time="0.0">
    <ignored/>
  </testcase> <!-- testAnagram -->
</testsuite> <!-- Default test -->
